[2020-12-14 05:23:30.749] [exthost] [info] extension host started
[2020-12-14 05:23:31.334] [exthost] [info] ExtensionService#_doActivateExtension vscode.debug-auto-launch {"startup":true,"extensionId":{"value":"vscode.debug-auto-launch","_lower":"vscode.debug-auto-launch"},"activationEvent":"*"}
[2020-12-14 05:23:31.334] [exthost] [info] ExtensionService#loadCommonJSModule file:///home/ubuntu/.vscode-server/bin/940b5f4bb5fa47866a54529ed759d95d09ee80be/extensions/debug-auto-launch/dist/extension
[2020-12-14 05:23:31.340] [exthost] [info] ExtensionService#_doActivateExtension vscode.emmet {"startup":true,"extensionId":{"value":"vscode.emmet","_lower":"vscode.emmet"},"activationEvent":"*"}
[2020-12-14 05:23:31.340] [exthost] [info] ExtensionService#loadCommonJSModule file:///home/ubuntu/.vscode-server/bin/940b5f4bb5fa47866a54529ed759d95d09ee80be/extensions/emmet/dist/node/emmetNodeMain
[2020-12-14 05:23:31.372] [exthost] [info] ExtensionService#_doActivateExtension vscode.git {"startup":true,"extensionId":{"value":"vscode.github","_lower":"vscode.github"},"activationEvent":"*"}
[2020-12-14 05:23:31.372] [exthost] [info] ExtensionService#loadCommonJSModule file:///home/ubuntu/.vscode-server/bin/940b5f4bb5fa47866a54529ed759d95d09ee80be/extensions/git/dist/main
[2020-12-14 05:23:31.424] [exthost] [info] ExtensionService#_doActivateExtension vscode.merge-conflict {"startup":true,"extensionId":{"value":"vscode.merge-conflict","_lower":"vscode.merge-conflict"},"activationEvent":"*"}
[2020-12-14 05:23:31.424] [exthost] [info] ExtensionService#loadCommonJSModule file:///home/ubuntu/.vscode-server/bin/940b5f4bb5fa47866a54529ed759d95d09ee80be/extensions/merge-conflict/dist/mergeConflictMain
[2020-12-14 05:23:31.428] [exthost] [info] ExtensionService#_doActivateExtension vscode.search-result {"startup":true,"extensionId":{"value":"vscode.search-result","_lower":"vscode.search-result"},"activationEvent":"*"}
[2020-12-14 05:23:31.428] [exthost] [info] ExtensionService#loadCommonJSModule file:///home/ubuntu/.vscode-server/bin/940b5f4bb5fa47866a54529ed759d95d09ee80be/extensions/search-result/dist/extension.js
[2020-12-14 05:23:32.211] [exthost] [info] ExtensionService#_doActivateExtension vscode.github {"startup":true,"extensionId":{"value":"vscode.github","_lower":"vscode.github"},"activationEvent":"*"}
[2020-12-14 05:23:32.211] [exthost] [info] ExtensionService#loadCommonJSModule file:///home/ubuntu/.vscode-server/bin/940b5f4bb5fa47866a54529ed759d95d09ee80be/extensions/github/dist/extension.js
[2020-12-14 05:23:32.713] [exthost] [info] eager extensions activated
[2020-12-14 05:23:32.979] [exthost] [info] ExtensionService#_doActivateExtension ms-vscode.js-debug {"startup":false,"extensionId":{"value":"ms-vscode.js-debug","_lower":"ms-vscode.js-debug"},"activationEvent":"onCommand:extension.js-debug.clearAutoAttachVariables"}
[2020-12-14 05:23:32.979] [exthost] [info] ExtensionService#loadCommonJSModule file:///home/ubuntu/.vscode-server/bin/940b5f4bb5fa47866a54529ed759d95d09ee80be/extensions/ms-vscode.js-debug/src/extension.js
[2020-12-14 05:25:53.400] [exthost] [info] ExtensionService#_doActivateExtension vscode.php-language-features {"startup":false,"extensionId":{"value":"vscode.php-language-features","_lower":"vscode.php-language-features"},"activationEvent":"onLanguage:php"}
[2020-12-14 05:25:53.400] [exthost] [info] ExtensionService#loadCommonJSModule file:///home/ubuntu/.vscode-server/bin/940b5f4bb5fa47866a54529ed759d95d09ee80be/extensions/php-language-features/dist/phpMain
[2020-12-14 05:29:16.950] [exthost] [info] ExtensionService#_doActivateExtension vscode.configuration-editing {"startup":false,"extensionId":{"value":"vscode.configuration-editing","_lower":"vscode.configuration-editing"},"activationEvent":"onLanguage:jsonc"}
[2020-12-14 05:29:16.950] [exthost] [info] ExtensionService#loadCommonJSModule file:///home/ubuntu/.vscode-server/bin/940b5f4bb5fa47866a54529ed759d95d09ee80be/extensions/configuration-editing/dist/configurationEditingMain
[2020-12-14 05:29:16.954] [exthost] [info] ExtensionService#_doActivateExtension vscode.json-language-features {"startup":false,"extensionId":{"value":"vscode.json-language-features","_lower":"vscode.json-language-features"},"activationEvent":"onLanguage:jsonc"}
[2020-12-14 05:29:16.954] [exthost] [info] ExtensionService#loadCommonJSModule file:///home/ubuntu/.vscode-server/bin/940b5f4bb5fa47866a54529ed759d95d09ee80be/extensions/json-language-features/client/dist/node/jsonClientMain
[2020-12-14 05:29:16.993] [exthost] [info] ExtensionService#_doActivateExtension vscode.typescript-language-features {"startup":false,"extensionId":{"value":"vscode.typescript-language-features","_lower":"vscode.typescript-language-features"},"activationEvent":"onLanguage:jsonc"}
[2020-12-14 05:29:16.993] [exthost] [info] ExtensionService#loadCommonJSModule file:///home/ubuntu/.vscode-server/bin/940b5f4bb5fa47866a54529ed759d95d09ee80be/extensions/typescript-language-features/dist/extension
