[2020-12-10 09:04:10.640] [exthost] [info] extension host started
[2020-12-10 09:04:11.294] [exthost] [info] ExtensionService#_doActivateExtension vscode.css-language-features {"startup":false,"extensionId":{"value":"vscode.css-language-features","_lower":"vscode.css-language-features"},"activationEvent":"onLanguage:scss"}
[2020-12-10 09:04:11.294] [exthost] [info] ExtensionService#loadCommonJSModule file:///home/ubuntu/.vscode-server/bin/e5a624b788d92b8d34d1392e4c4d9789406efe8f/extensions/css-language-features/client/dist/node/cssClientMain
[2020-12-10 09:04:11.320] [exthost] [info] ExtensionService#_doActivateExtension vscode.emmet {"startup":false,"extensionId":{"value":"vscode.emmet","_lower":"vscode.emmet"},"activationEvent":"onLanguage:scss"}
[2020-12-10 09:04:11.320] [exthost] [info] ExtensionService#loadCommonJSModule file:///home/ubuntu/.vscode-server/bin/e5a624b788d92b8d34d1392e4c4d9789406efe8f/extensions/emmet/dist/node/emmetNodeMain
[2020-12-10 09:04:11.377] [exthost] [info] ExtensionService#_doActivateExtension vscode.debug-auto-launch {"startup":true,"extensionId":{"value":"vscode.debug-auto-launch","_lower":"vscode.debug-auto-launch"},"activationEvent":"*"}
[2020-12-10 09:04:11.377] [exthost] [info] ExtensionService#loadCommonJSModule file:///home/ubuntu/.vscode-server/bin/e5a624b788d92b8d34d1392e4c4d9789406efe8f/extensions/debug-auto-launch/dist/extension
[2020-12-10 09:04:11.381] [exthost] [info] ExtensionService#_doActivateExtension vscode.git {"startup":true,"extensionId":{"value":"vscode.github","_lower":"vscode.github"},"activationEvent":"*"}
[2020-12-10 09:04:11.381] [exthost] [info] ExtensionService#loadCommonJSModule file:///home/ubuntu/.vscode-server/bin/e5a624b788d92b8d34d1392e4c4d9789406efe8f/extensions/git/dist/main
[2020-12-10 09:04:11.435] [exthost] [info] ExtensionService#_doActivateExtension vscode.merge-conflict {"startup":true,"extensionId":{"value":"vscode.merge-conflict","_lower":"vscode.merge-conflict"},"activationEvent":"*"}
[2020-12-10 09:04:11.436] [exthost] [info] ExtensionService#loadCommonJSModule file:///home/ubuntu/.vscode-server/bin/e5a624b788d92b8d34d1392e4c4d9789406efe8f/extensions/merge-conflict/dist/mergeConflictMain
[2020-12-10 09:04:11.439] [exthost] [info] ExtensionService#_doActivateExtension vscode.search-result {"startup":true,"extensionId":{"value":"vscode.search-result","_lower":"vscode.search-result"},"activationEvent":"*"}
[2020-12-10 09:04:11.440] [exthost] [info] ExtensionService#loadCommonJSModule file:///home/ubuntu/.vscode-server/bin/e5a624b788d92b8d34d1392e4c4d9789406efe8f/extensions/search-result/dist/extension.js
[2020-12-10 09:04:12.988] [exthost] [info] ExtensionService#_doActivateExtension vscode.github {"startup":true,"extensionId":{"value":"vscode.github","_lower":"vscode.github"},"activationEvent":"*"}
[2020-12-10 09:04:12.988] [exthost] [info] ExtensionService#loadCommonJSModule file:///home/ubuntu/.vscode-server/bin/e5a624b788d92b8d34d1392e4c4d9789406efe8f/extensions/github/dist/extension.js
[2020-12-10 09:04:15.509] [exthost] [info] eager extensions activated
[2020-12-10 09:04:20.402] [exthost] [info] ExtensionService#_doActivateExtension ms-vscode.js-debug {"startup":false,"extensionId":{"value":"ms-vscode.js-debug","_lower":"ms-vscode.js-debug"},"activationEvent":"onCommand:extension.js-debug.clearAutoAttachVariables"}
[2020-12-10 09:04:20.402] [exthost] [info] ExtensionService#loadCommonJSModule file:///home/ubuntu/.vscode-server/bin/e5a624b788d92b8d34d1392e4c4d9789406efe8f/extensions/ms-vscode.js-debug/src/extension.js
[2020-12-10 09:04:41.930] [exthost] [info] ExtensionService#_doActivateExtension vscode.php-language-features {"startup":false,"extensionId":{"value":"vscode.php-language-features","_lower":"vscode.php-language-features"},"activationEvent":"onLanguage:php"}
[2020-12-10 09:04:41.930] [exthost] [info] ExtensionService#loadCommonJSModule file:///home/ubuntu/.vscode-server/bin/e5a624b788d92b8d34d1392e4c4d9789406efe8f/extensions/php-language-features/dist/phpMain
