

*
* Visual Studio Code Server
*
* Reminder: You may only use this software with Visual Studio family products,
* as described in the license https://aka.ms/vscode-remote/license
*

Extension host agent listening on 35969

[05:08:06] Extension host agent started.
[05:08:08] [127.0.0.1][f3f1c9a0][ManagementConnection] New connection established.
[05:08:08] [127.0.0.1][84ca3324][ExtensionHostConnection] New connection established.
bash: cannot set terminal process group (-1): Inappropriate ioctl for device
bash: no job control in this shell
[05:08:08] [127.0.0.1][84ca3324][ExtensionHostConnection] <161968> Launched Extension Host Process.
[05:08:08] Listing 0 persistent terminals, 0 total terminals
[05:08:08] [File Watcher (node.js)] Error: ENOENT: no such file or directory, stat '/home/ubuntu/laravel/.vscode'
[05:08:12] [File Watcher (chokidar)] Inotify limit reached (ENOSPC)
[05:08:47] [127.0.0.1][f3f1c9a0][ManagementConnection] The client has disconnected gracefully, so the connection will be disposed.
[05:08:49] [127.0.0.1][84ca3324][ExtensionHostConnection] <161968> Extension Host Process exited with code: 0, signal: null.
Last EH closed, waiting before shutting down
[05:08:49] Last EH closed, waiting before shutting down
Last EH closed, shutting down
[05:13:49] Last EH closed, shutting down
