Looking for git in: git
Using git 2.25.1 from git
> git rev-parse --git-dir
Open repository: /home/ubuntu/laravel
> git status -z -u
> git symbolic-ref --short HEAD
> git rev-parse master
> git rev-parse --symbolic-full-name master@{u}
> git rev-list --left-right master...refs/remotes/origin/master
> git for-each-ref --sort -committerdate --format %(refname) %(objectname)
> git remote --verbose
Warning: Failed to watch ref '/home/ubuntu/laravel/.git/refs/remotes/origin/master', is most likely packed.
> git config --get commit.template
> git check-ignore -v -z --stdin
> git check-ignore -v -z --stdin
> git check-ignore -v -z --stdin
> git check-ignore -v -z --stdin
> git check-ignore -v -z --stdin
> git show --textconv :src/resources/views/cekin.blade.php
> git ls-files --stage -- /home/ubuntu/laravel/src/resources/views/cekin.blade.php
> git show --textconv :src/resources/views/home.blade.php
> git ls-files --stage -- /home/ubuntu/laravel/src/resources/views/home.blade.php
> git show --textconv :src/resources/views/cekin.blade.php
> git ls-files --stage -- /home/ubuntu/laravel/src/resources/views/cekin.blade.php
> git show --textconv :src/resources/views/home.blade.php
> git ls-files --stage -- /home/ubuntu/laravel/src/resources/views/home.blade.php
> git show --textconv :src/resources/views/cekin.blade.php
> git ls-files --stage -- /home/ubuntu/laravel/src/resources/views/cekin.blade.php
> git show --textconv :src/resources/views/home.blade.php
> git ls-files --stage -- /home/ubuntu/laravel/src/resources/views/home.blade.php
> git show --textconv :src/resources/views/cekin.blade.php
> git ls-files --stage -- /home/ubuntu/laravel/src/resources/views/cekin.blade.php
> git show --textconv :src/resources/views/home.blade.php
> git ls-files --stage -- /home/ubuntu/laravel/src/resources/views/home.blade.php
> git show --textconv :src/resources/views/cekin.blade.php
> git ls-files --stage -- /home/ubuntu/laravel/src/resources/views/cekin.blade.php
> git show --textconv :src/resources/views/home.blade.php
> git ls-files --stage -- /home/ubuntu/laravel/src/resources/views/home.blade.php
> git status -z -u
> git symbolic-ref --short HEAD
> git rev-parse master
> git rev-parse --symbolic-full-name master@{u}
> git rev-list --left-right master...refs/remotes/origin/master
> git for-each-ref --sort -committerdate --format %(refname) %(objectname)
> git remote --verbose
Warning: Failed to watch ref '/home/ubuntu/laravel/.git/refs/remotes/origin/master', is most likely packed.
> git config --get commit.template
> git ls-files --stage -- /home/ubuntu/laravel/src/resources/views/home.blade.php
> git show --textconv :src/resources/views/home.blade.php
> git status -z -u
> git symbolic-ref --short HEAD
> git rev-parse master
> git rev-parse --symbolic-full-name master@{u}
> git rev-list --left-right master...refs/remotes/origin/master
> git for-each-ref --sort -committerdate --format %(refname) %(objectname)
> git remote --verbose
Warning: Failed to watch ref '/home/ubuntu/laravel/.git/refs/remotes/origin/master', is most likely packed.
> git config --get commit.template
> git status -z -u
> git symbolic-ref --short HEAD
> git rev-parse master
> git rev-parse --symbolic-full-name master@{u}
> git rev-list --left-right master...refs/remotes/origin/master
> git for-each-ref --sort -committerdate --format %(refname) %(objectname)
> git remote --verbose
Warning: Failed to watch ref '/home/ubuntu/laravel/.git/refs/remotes/origin/master', is most likely packed.
> git config --get commit.template
> git ls-files --stage -- /home/ubuntu/laravel/src/resources/views/home.blade.php
> git cat-file -s 18ff02fa0ff285bbdae134289402034ddc869717
> git show --textconv :src/resources/views/home.blade.php
> git status -z -u
> git symbolic-ref --short HEAD
> git rev-parse master
> git rev-parse --symbolic-full-name master@{u}
> git rev-list --left-right master...refs/remotes/origin/master
> git for-each-ref --sort -committerdate --format %(refname) %(objectname)
> git remote --verbose
Warning: Failed to watch ref '/home/ubuntu/laravel/.git/refs/remotes/origin/master', is most likely packed.
> git config --get commit.template
> git status -z -u
> git symbolic-ref --short HEAD
> git rev-parse master
> git rev-parse --symbolic-full-name master@{u}
> git rev-list --left-right master...refs/remotes/origin/master
> git for-each-ref --sort -committerdate --format %(refname) %(objectname)
> git remote --verbose
Warning: Failed to watch ref '/home/ubuntu/laravel/.git/refs/remotes/origin/master', is most likely packed.
> git config --get commit.template
> git ls-files --stage -- /home/ubuntu/laravel/src/resources/views/home.blade.php
> git cat-file -s 18ff02fa0ff285bbdae134289402034ddc869717
> git show --textconv :src/resources/views/home.blade.php
> git status -z -u
> git symbolic-ref --short HEAD
> git rev-parse main
> git rev-parse --symbolic-full-name main@{u}
fatal: no upstream configured for branch 'main'
> git for-each-ref --sort -committerdate --format %(refname) %(objectname)
> git remote --verbose
> git config --get commit.template
> git ls-files --stage -- /home/ubuntu/laravel/src/resources/views/home.blade.php
> git cat-file -s 18ff02fa0ff285bbdae134289402034ddc869717
> git show --textconv :src/resources/views/home.blade.php
